生成启动时间为 2017/4/13 9:11:17。
     1>项目“E:\OpenSourceProject\LearnOpenGL-master\VS\STB_IMAGE.vcxproj”在节点 2 上(Rebuild 个目标)。
     1>CustomBuild:
         Building Custom Rule E:/OpenSourceProject/LearnOpenGL-master/CMakeLists.txt
         CMake does not need to re-run because E:\OpenSourceProject\LearnOpenGL-master\VS\CMakeFiles\generate.stamp is up-to-date.
       ClCompile:
         D:\Program Files\VS2015\VC\bin\CL.exe /c /I"E:\OpenSourceProject\LearnOpenGL-master\VS\configuration" /I"E:\OpenSourceProject\LearnOpenGL-master\includes" /Zi /nologo /W3 /WX- /Od /Ob0 /Oy- /D WIN32 /D _WINDOWS /D _DEBUG /D "CMAKE_INTDIR=\"Debug\"" /D _MBCS /Gm- /RTC1 /MDd /GS /fp:precise /Zc:wchar_t /Zc:forScope /Zc:inline /GR /Fo"STB_IMAGE.dir\Debug\\" /Fd"STB_IMAGE.dir\Debug\STB_IMAGE.pdb" /Gd /TP /analyze- /errorReport:prompt  /EHsc";"-std=c++11 "E:\OpenSourceProject\LearnOpenGL-master\src\stb_image.cpp"
     1>cl : 命令行 warning D9002: 忽略未知选项“/EH;”
     1>cl : 命令行 warning D9002: 忽略未知选项“/EH-”
     1>cl : 命令行 warning D9002: 忽略未知选项“/EHt”
     1>cl : 命令行 warning D9002: 忽略未知选项“/EHd”
     1>cl : 命令行 warning D9002: 忽略未知选项“/EH=”
     1>cl : 命令行 warning D9002: 忽略未知选项“/EH+”
     1>cl : 命令行 warning D9002: 忽略未知选项“/EH+”
     1>cl : 命令行 warning D9002: 忽略未知选项“/EH1”
     1>cl : 命令行 warning D9002: 忽略未知选项“/EH1”
         stb_image.cpp
       Lib:
         D:\Program Files\VS2015\VC\bin\Lib.exe /OUT:"E:\OpenSourceProject\LearnOpenGL-master\VS\Debug\STB_IMAGE.lib" /NOLOGO  /machine:X86 STB_IMAGE.dir\Debug\stb_image.obj
         STB_IMAGE.vcxproj -> E:\OpenSourceProject\LearnOpenGL-master\VS\Debug\STB_IMAGE.lib
     1>已完成生成项目“E:\OpenSourceProject\LearnOpenGL-master\VS\STB_IMAGE.vcxproj”(Rebuild 个目标)的操作。

已成功生成。

已用时间 00:00:01.50
